     683   6  57.0431473468   7.9929925750  17.1938941854       2  1.0000  # Na
     684   6  89.4133622052  20.7655962674   3.1411982773       3  1.0000  # Na
     685   6  66.3857619271  17.0827454196   5.0233453955       4  1.0000  # Na
     686   6  89.4196960367  14.2682750386   0.4890903268       5  1.0000  # Na
     687   6  90.1795397392  13.1015969787  25.9637984117       6  1.0000  # Na
     688   6  51.7276748607  13.9581044524   5.5974097242       7  1.0000  # Na
     689   6  52.9965940142  21.6728072607  25.8744815414       8  1.0000  # Na
     690   6  41.1976376949  29.5313168937  17.5963701086       9  1.0000  # Na
     691   6  51.1992332497  34.9228289323  28.5720222100      10  1.0000  # Na
     692   6  54.7380773253  27.9355535363  10.1148995162      11  1.0000  # Na
    1375   6  61.1801430347  29.9596658768  27.5227515498      13  1.0000  # Na
    1376   6  78.1333970365   5.8294363704  15.1421315249      14  1.0000  # Na
    1377   6  46.5702738738  10.9133883077   9.0767774648      15  1.0000  # Na
    1378   6  68.6939665015  27.1866040391  10.3694824088      16  1.0000  # Na
    1379   6  87.8376756221   3.9481791370  34.6416472080      17  1.0000  # Na
    1380   6  69.5141840397   3.0759390382  32.7111595836      18  1.0000  # Na
    1381   6  46.2734075800  27.4779526580  26.6017064461      19  1.0000  # Na
    1382   6  72.4832898905  34.2326458855  10.6305554750      20  1.0000  # Na
    1383   6  54.0986476539  14.5536966532   8.2580180498      21  1.0000  # Na
    1384   6  94.6428136434  29.2702393069  34.1895685351      22  1.0000  # Na
    2067   6  77.3827462980  17.2512606083  27.9303630014      24  1.0000  # Na
    2068   6  87.8394744936  21.6238913267  13.5377250658      25  1.0000  # Na
    2069   6  89.8206435970  26.0469225228  25.0179838227      26  1.0000  # Na
    2070   6  92.2900275079  34.4822595043  27.6498156017      27  1.0000  # Na
    2071   6  65.4753587809  17.1330192886  26.4394866972      28  1.0000  # Na
    2072   6  56.5859430172  16.1109296859  36.5367036505      29  1.0000  # Na
    2073   6  87.9780218092   0.3176934959  25.4331454761      30  1.0000  # Na
    2074   6  71.6236879423   7.2693899098  34.6817047980      31  1.0000  # Na
    2075   6  57.4804020697   4.0003549398   6.4034717664      32  1.0000  # Na
    2076   6  91.0285322260  13.9633175159  27.5166388585      33  1.0000  # Na
    2759   6  80.9188878754   9.7764292576  26.6440535101      35  1.0000  # Na
    2760   6  89.9001002485  13.6966450750  31.6386168963      36  1.0000  # Na
    2761   6  53.3343466584   4.6457591233   5.4008087497      37  1.0000  # Na
    2762   6  62.1678266930   8.6875657797  25.1423591693      38  1.0000  # Na
    2763   6  53.8755705687  27.3175862466  34.3395789674      39  1.0000  # Na
    2764   6  44.8682552147  10.5627690691  10.8100355758      40  1.0000  # Na
    2765   6  56.4715741515  30.9252661810  24.5458647802      41  1.0000  # Na
    2766   6  48.7052709978  11.5152260672  29.3226655681      42  1.0000  # Na
    2767   6  83.2248350077  34.1908646127   4.9720730611      43  1.0000  # Na
    2768   6  57.4923577901  10.5263291992  12.7747699825      44  1.0000  # Na
    3451   6  54.4001302658  34.7727711416  30.6166769481      46  1.0000  # Na
    3452   6  54.6533308839  35.9547469857  15.7755462612      47  1.0000  # Na
    3453   6  43.7002706250   3.5373553239  11.6266403049      48  1.0000  # Na
    3454   6  48.3466557031  10.0434500341  12.6472909239      49  1.0000  # Na
    3455   6  79.4274454126  22.3093531562  30.2375470493      50  1.0000  # Na
    3456   6  91.6932387811  32.9069887765  33.1861497358      51  1.0000  # Na
    3457   6  61.6255988544   1.2810588032  24.2967428041      52  1.0000  # Na
    3458   6  43.2492669034   4.4307896179  16.2919646785      53  1.0000  # Na
    3459   6  60.0560846514  16.6927520061  18.2961652378      54  1.0000  # Na
    3460   6  41.9934383234  34.5640713587  32.6811102049      55  1.0000  # Na
    4143   6  63.1301507878  21.8086609159  25.1962929338      57  1.0000  # Na
    4144   6  41.7037557509   2.6593758341  12.7331000087      58  1.0000  # Na
    4145   6  74.9413312758  11.5796717505  35.5075603245      59  1.0000  # Na
    4146   6  58.6310554140  21.3179568749  27.5973524951      60  1.0000  # Na
    4147   6  77.4930191113   4.8489186726  13.3048154576      61  1.0000  # Na
    4148   6  43.8265353194  31.9978348312  11.6870619866      62  1.0000  # Na
    4149   6  41.7754627586  34.8384380695  13.2313842981      63  1.0000  # Na
    4150   6  42.4188007935  12.1156373909   4.2852985287      64  1.0000  # Na
    4151   6  52.4875473515  13.3353336979  35.6292226505      65  1.0000  # Na
    4152   6  62.6826074167  35.4568386333  12.6205940354      66  1.0000  # Na
    4835   6  77.3170999892   6.9012255392  24.5153326873      68  1.0000  # Na
    4836   6  68.7501130095   2.5960774107  34.9351392142      69  1.0000  # Na
    4837   6  65.0320774517   9.4961237782   1.6684637020      70  1.0000  # Na
    4838   6  79.4681733977  25.9795943425  19.9592644933      71  1.0000  # Na
    4839   6  58.1121583856  25.2143960850  32.2133399346      72  1.0000  # Na
    4840   6  70.9674466752   8.4938179350  27.2350796236      73  1.0000  # Na
    4841   6  42.5499363009  28.8989935508   7.9828555983      74  1.0000  # Na
    4842   6  70.5742138562  36.3468604209  31.3992812719      75  1.0000  # Na
    4843   6  92.4182220530  13.7034961026  15.4984744910      76  1.0000  # Na
    4844   6  89.9384246663   1.6657448163   1.6220676607      77  1.0000  # Na
