Cl 39.4993 42.793 3.25447
Cl 31.4918 34.4876 16.6341
Cl 3.49435 5.74967 23.4926
Cl 42.8374 41.1572 29.5177
Cl 19.545 38.4537 36.5056
Cl 28.3665 38.618 25.1416
Cl 46.7583 17.3002 21.6057
Cl 52.2436 38.9381 12.4303
Cl 39.3633 31.3981 0.857385
Cl 33.8861 0.760943 16.2604
Cl 17.6207 30.8464 39.6642
Cl 39.614 31.7481 21.8021
Cl 47.8385 26.2529 37.2913
Cl 40.5647 0.705848 11.1539
Cl 37.1663 53.2699 21.0698
Cl 25.4183 19.099 36.6694
Cl 18.0477 31.9974 17.2071
Cl 31.9485 17.5874 11.5968
Cl 38.2939 4.80401 28.3555
Cl 11.9088 25.6996 28.593
Cl 46.7331 33.7156 11.9877
Cl 4.29629 18.4439 22.0034
Cl 31.1255 16.6065 20.6639
Cl 35.9465 50.6375 9.97995
Cl 6.36924 7.33717 11.1614
Cl 26.815 35.6654 36.5827
Cl 10.9016 47.6031 50.9181
Cl 37.2528 39.1425 46.7494
Cl 48.5217 35.7621 42.5307
Cl 45.6501 4.16945 44.5245
Cl 5.14525 18.7519 3.91699
Cl 18.4116 12.0084 4.38911
Cl 6.48689 17.1749 47.2571
Cl 50.3051 51.6695 10.1813
Cl 9.76793 38.1291 46.9169
Cl 27.4555 43.976 31.2909
Cl 12.0563 40.1367 17.9724
Cl 39.2222 41.1492 53.2174
Cl 42.2134 16.7635 5.70283
Cl 33.5564 38.1089 47.7926
Cl 35.1081 49.9578 38.2071
Cl 49.4861 25.2173 15.5921
Cl 20.7734 33.7196 3.72909
Cl 6.59884 37.4866 42.3915
Cl 2.23066 47.7725 12.8225
Cl 4.08266 47.797 36.0601
Cl 6.04729 24.9967 51.7213
Cl 37.7394 51.5362 44.8781
Cl 29.362 27.9791 2.30856
Cl 41.018 2.08512 3.83655
Cl 9.85235 20.197 52.3035
Cl 23.2468 27.1794 24.9638
Cl 13.8411 7.1918 40.3507
Cl 36.8905 8.55731 47.8298
Cl 35.3196 46.9228 50.4711
Cl 17.6184 2.51974 30.7616
Cl 3.35559 18.9282 8.66357
Cl 46.0664 37.0068 23.5644
Cl 37.9303 40.5567 12.7705
Cl 8.56786 9.72432 46.3135
Cl 30.2982 30.6844 28.3856
Cl 42.8656 5.22551 28.9537
Cl 42.8898 26.3229 51.1295
Cl 47.2756 38.137 37.1427
Cl 48.2203 14.3544 30.7774
Cl 2.64656 35.4634 9.58744
Cl 20.0879 42.1096 40.431
Cl 6.35639 50.3803 24.6451
Cl 10.0327 42.5933 22.0484
Cl 13.7281 10.6848 14.3049
Cl 34.3929 49.937 6.11879
Cl 31.5321 1.00416 12.489
Cl 34.6088 30.3412 13.7874
Cl 42.618 52.2985 34.2894
Cl 47.0395 7.3818 36.9206
Cl 30.8308 45.733 51.1004
Cl 13.3718 2.22928 35.1644
Cl 45.7812 14.7241 14.7309
Cl 22.633 24.8061 42.4743
Cl 29.4372 44.1348 12.8762
Cl 22.3405 13.1693 13.8771
Cl 12.714 29.7248 19.1592
Cl 7.66758 18.9366 52.8425
Cl 34.3266 10.5339 18.7238
Cl 41.2583 37.9898 33.3728
Cl 0.22348 13.1822 21.1071
Cl 36.5609 26.0946 2.95043
Cl 31.352 10.4828 44.0795
Cl 15.13 12.2941 9.99229
Cl 5.7902 13.2504 52.7533
Cl 50.3431 38.6754 34.4446
Cl 8.68091 23.6486 37.1823
Cl 52.4348 52.0965 23.9609
Cl 42.7085 5.48922 10.8323
Cl 16.4252 48.0018 15.5089
Cl 20.7709 45.8224 23.0265
Cl 18.0294 36.2486 47.2991
Cl 26.1399 23.7338 18.3044
Cl 20.2447 52.1109 38.5166
Cl 38.4565 32.2936 11.6824
Cl 16.5941 23.7695 39.4485
Cl 45.2396 34.2397 1.46494
Cl 42.0677 34.0748 46.8057
Cl 29.3813 0.111592 3.86952
Cl 40.1118 50.1267 45.461
Cl 47.2572 4.29243 50.2342
Cl 47.9476 7.33194 22.4592
Cl 0.415625 49.83 49.9938
Cl 39.1479 5.57367 28.4017
Cl 40.3783 43.3496 38.339
Cl 49.1749 52.0798 49.1019
Cl 33.1336 50.265 20.9783
Cl 1.16683 41.1667 20.1277
Cl 46.9478 2.77565 49.1439
Cl 5.5126 19.3272 3.52981
Cl 11.5728 9.87365 51.3567
Cl 16.67 12.1475 14.9934
Cl 42.1864 52.1504 2.17903
Cl 2.27051 3.93022 38.8185
Cl 14.0889 30.9047 20.0721
Cl 25.0545 48.3916 24.4375
Cl 43.389 19.8121 47.0625
Cl 9.57746 22.7042 15.8117
Cl 6.18453 37.7376 38.054
Cl 45.2106 43.9159 14.281
Cl 32.8645 13.3102 10.1606
Cl 32.5621 48.3678 44.0386
Cl 17.8817 3.67182 16.9281
Cl 33.6197 32.1975 37.7866
Cl 27.3469 40.1921 31.0991
Cl 3.28005 24.7442 38.2916
Cl 17.3444 40.576 20.4827
Cl 51.2374 26.8706 14.9056
Cl 7.95983 10.6247 34.0879
Cl 20.5487 7.55142 2.96613
Cl 50.6188 49.3885 28.8226
Cl 2.23372 29.344 11.3139
Cl 52.0703 35.8735 31.9946
Cl 37.2251 23.0324 6.86423
Cl 14.3706 51.0701 13.4989
Cl 92.9701 42.793 3.25447
Cl 84.9626 34.4876 16.6341
Cl 56.9652 5.74967 23.4926
Cl 96.3083 41.1572 29.5177
Cl 73.0158 38.4537 36.5056
Cl 81.8373 38.618 25.1416
Cl 100.229 17.3002 21.6057
Cl 105.714 38.9381 12.4303
Cl 92.8341 31.3981 0.857385
Cl 87.3569 0.760943 16.2604
Cl 71.0915 30.8464 39.6642
Cl 93.0849 31.7481 21.8021
Cl 101.309 26.2529 37.2913
Cl 94.0356 0.705848 11.1539
Cl 90.6371 53.2699 21.0698
Cl 78.8891 19.099 36.6694
Cl 71.5185 31.9974 17.2071
Cl 85.4194 17.5874 11.5968
Cl 91.7647 4.80401 28.3555
Cl 65.3796 25.6996 28.593
Cl 100.204 33.7156 11.9877
Cl 57.7671 18.4439 22.0034
Cl 84.5963 16.6065 20.6639
Cl 89.4173 50.6375 9.97995
Cl 59.8401 7.33717 11.1614
Cl 80.2858 35.6654 36.5827
Cl 64.3724 47.6031 50.9181
Cl 90.7236 39.1425 46.7494
Cl 101.993 35.7621 42.5307
Cl 99.121 4.16945 44.5245
Cl 58.6161 18.7519 3.91699
Cl 71.8824 12.0084 4.38911
Cl 59.9577 17.1749 47.2571
Cl 103.776 51.6695 10.1813
Cl 63.2388 38.1291 46.9169
Cl 80.9263 43.976 31.2909
Cl 65.5271 40.1367 17.9724
Cl 92.693 41.1492 53.2174
Cl 95.6842 16.7635 5.70283
Cl 87.0273 38.1089 47.7926
Cl 88.5789 49.9578 38.2071
Cl 102.957 25.2173 15.5921
Cl 74.2442 33.7196 3.72909
Cl 60.0697 37.4866 42.3915
Cl 55.7015 47.7725 12.8225
Cl 57.5535 47.797 36.0601
Cl 59.5181 24.9967 51.7213
Cl 91.2103 51.5362 44.8781
Cl 82.8328 27.9791 2.30856
Cl 94.4889 2.08512 3.83655
Cl 63.3232 20.197 52.3035
Cl 76.7176 27.1794 24.9638
Cl 67.312 7.1918 40.3507
Cl 90.3614 8.55731 47.8298
Cl 88.7904 46.9228 50.4711
Cl 71.0892 2.51974 30.7616
Cl 56.8264 18.9282 8.66357
Cl 99.5372 37.0068 23.5644
Cl 91.4011 40.5567 12.7705
Cl 62.0387 9.72432 46.3135
Cl 83.769 30.6844 28.3856
Cl 96.3365 5.22551 28.9537
Cl 96.3606 26.3229 51.1295
Cl 100.746 38.137 37.1427
Cl 101.691 14.3544 30.7774
Cl 56.1174 35.4634 9.58744
Cl 73.5587 42.1096 40.431
Cl 59.8272 50.3803 24.6451
Cl 63.5036 42.5933 22.0484
Cl 67.199 10.6848 14.3049
Cl 87.8637 49.937 6.11879
Cl 85.0029 1.00416 12.489
Cl 88.0796 30.3412 13.7874
Cl 96.0888 52.2985 34.2894
Cl 100.51 7.3818 36.9206
Cl 84.3016 45.733 51.1004
Cl 66.8427 2.22928 35.1644
Cl 99.252 14.7241 14.7309
Cl 76.1038 24.8061 42.4743
Cl 82.908 44.1348 12.8762
Cl 75.8114 13.1693 13.8771
Cl 66.1848 29.7248 19.1592
Cl 61.1384 18.9366 52.8425
Cl 87.7974 10.5339 18.7238
Cl 94.7291 37.9898 33.3728
Cl 53.6943 13.1822 21.1071
Cl 90.0317 26.0946 2.95043
Cl 84.8229 10.4828 44.0795
Cl 68.6009 12.2941 9.99229
Cl 59.261 13.2504 52.7533
Cl 103.814 38.6754 34.4446
Cl 62.1517 23.6486 37.1823
Cl 105.906 52.0965 23.9609
Cl 96.1793 5.48922 10.8323
Cl 69.896 48.0018 15.5089
Cl 74.2418 45.8224 23.0265
Cl 71.5002 36.2486 47.2991
Cl 79.6107 23.7338 18.3044
Cl 73.7155 52.1109 38.5166
Cl 91.9273 32.2936 11.6824
Cl 70.0649 23.7695 39.4485
Cl 98.7104 34.2397 1.46494
Cl 95.5386 34.0748 46.8057
Cl 82.8522 0.111592 3.86952
Cl 93.5827 50.1267 45.461
Cl 100.728 4.29243 50.2342
Cl 101.418 7.33194 22.4592
Cl 53.8865 49.83 49.9938
Cl 92.6188 5.57367 28.4017
Cl 93.8492 43.3496 38.339
Cl 102.646 52.0798 49.1019
Cl 86.6044 50.265 20.9783
Cl 54.6377 41.1667 20.1277
Cl 100.419 2.77565 49.1439
Cl 58.9834 19.3272 3.52981
Cl 65.0436 9.87365 51.3567
Cl 70.1408 12.1475 14.9934
Cl 95.6572 52.1504 2.17903
Cl 55.7413 3.93022 38.8185
Cl 67.5597 30.9047 20.0721
Cl 78.5254 48.3916 24.4375
Cl 96.8598 19.8121 47.0625
Cl 63.0483 22.7042 15.8117
Cl 59.6554 37.7376 38.054
Cl 98.6815 43.9159 14.281
Cl 86.3353 13.3102 10.1606
Cl 86.033 48.3678 44.0386
Cl 71.3525 3.67182 16.9281
Cl 87.0905 32.1975 37.7866
Cl 80.8177 40.1921 31.0991
Cl 56.7509 24.7442 38.2916
Cl 70.8152 40.576 20.4827
Cl 104.708 26.8706 14.9056
Cl 61.4307 10.6247 34.0879
Cl 74.0195 7.55142 2.96613
Cl 104.09 49.3885 28.8226
Cl 55.7045 29.344 11.3139
Cl 105.541 35.8735 31.9946
Cl 90.696 23.0324 6.86423
Cl 67.8414 51.0701 13.4989
Cl 39.4993 96.2638 3.25447
Cl 31.4918 87.9584 16.6341
Cl 3.49435 59.2205 23.4926
Cl 42.8374 94.6281 29.5177
Cl 19.545 91.9245 36.5056
Cl 28.3665 92.0888 25.1416
Cl 46.7583 70.771 21.6057
Cl 52.2436 92.4089 12.4303
Cl 39.3633 84.8689 0.857385
Cl 33.8861 54.2318 16.2604
Cl 17.6207 84.3172 39.6642
Cl 39.614 85.2189 21.8021
Cl 47.8385 79.7237 37.2913
Cl 40.5647 54.1767 11.1539
Cl 37.1663 106.741 21.0698
Cl 25.4183 72.5699 36.6694
Cl 18.0477 85.4682 17.2071
Cl 31.9485 71.0582 11.5968
Cl 38.2939 58.2748 28.3555
Cl 11.9088 79.1704 28.593
Cl 46.7331 87.1864 11.9877
Cl 4.29629 71.9147 22.0034
Cl 31.1255 70.0773 20.6639
Cl 35.9465 104.108 9.97995
Cl 6.36924 60.808 11.1614
Cl 26.815 89.1363 36.5827
Cl 10.9016 101.074 50.9181
Cl 37.2528 92.6133 46.7494
Cl 48.5217 89.233 42.5307
Cl 45.6501 57.6403 44.5245
Cl 5.14525 72.2227 3.91699
Cl 18.4116 65.4792 4.38911
Cl 6.48689 70.6458 47.2571
Cl 50.3051 105.14 10.1813
Cl 9.76793 91.5999 46.9169
Cl 27.4555 97.4468 31.2909
Cl 12.0563 93.6075 17.9724
Cl 39.2222 94.62 53.2174
Cl 42.2134 70.2344 5.70283
Cl 33.5564 91.5797 47.7926
Cl 35.1081 103.429 38.2071
Cl 49.4861 78.6882 15.5921
Cl 20.7734 87.1904 3.72909
Cl 6.59884 90.9574 42.3915
Cl 2.23066 101.243 12.8225
Cl 4.08266 101.268 36.0601
Cl 6.04729 78.4676 51.7213
Cl 37.7394 105.007 44.8781
Cl 29.362 81.45 2.30856
Cl 41.018 55.5559 3.83655
Cl 9.85235 73.6679 52.3035
Cl 23.2468 80.6502 24.9638
Cl 13.8411 60.6626 40.3507
Cl 36.8905 62.0281 47.8298
Cl 35.3196 100.394 50.4711
Cl 17.6184 55.9906 30.7616
Cl 3.35559 72.399 8.66357
Cl 46.0664 90.4776 23.5644
Cl 37.9303 94.0275 12.7705
Cl 8.56786 63.1951 46.3135
Cl 30.2982 84.1552 28.3856
Cl 42.8656 58.6963 28.9537
Cl 42.8898 79.7937 51.1295
Cl 47.2756 91.6078 37.1427
Cl 48.2203 67.8252 30.7774
Cl 2.64656 88.9343 9.58744
Cl 20.0879 95.5804 40.431
Cl 6.35639 103.851 24.6451
Cl 10.0327 96.0641 22.0484
Cl 13.7281 64.1556 14.3049
Cl 34.3929 103.408 6.11879
Cl 31.5321 54.475 12.489
Cl 34.6088 83.812 13.7874
Cl 42.618 105.769 34.2894
Cl 47.0395 60.8526 36.9206
Cl 30.8308 99.2038 51.1004
Cl 13.3718 55.7001 35.1644
Cl 45.7812 68.1949 14.7309
Cl 22.633 78.2769 42.4743
Cl 29.4372 97.6056 12.8762
Cl 22.3405 66.6401 13.8771
Cl 12.714 83.1957 19.1592
Cl 7.66758 72.4075 52.8425
Cl 34.3266 64.0047 18.7238
Cl 41.2583 91.4606 33.3728
Cl 0.22348 66.653 21.1071
Cl 36.5609 79.5655 2.95043
Cl 31.352 63.9536 44.0795
Cl 15.13 65.7649 9.99229
Cl 5.7902 66.7213 52.7533
Cl 50.3431 92.1463 34.4446
Cl 8.68091 77.1195 37.1823
Cl 52.4348 105.567 23.9609
Cl 42.7085 58.96 10.8323
Cl 16.4252 101.473 15.5089
Cl 20.7709 99.2932 23.0265
Cl 18.0294 89.7194 47.2991
Cl 26.1399 77.2047 18.3044
Cl 20.2447 105.582 38.5166
Cl 38.4565 85.7645 11.6824
Cl 16.5941 77.2403 39.4485
Cl 45.2396 87.7105 1.46494
Cl 42.0677 87.5457 46.8057
Cl 29.3813 53.5824 3.86952
Cl 40.1118 103.597 45.461
Cl 47.2572 57.7633 50.2342
Cl 47.9476 60.8028 22.4592
Cl 0.415625 103.301 49.9938
Cl 39.1479 59.0445 28.4017
Cl 40.3783 96.8204 38.339
Cl 49.1749 105.551 49.1019
Cl 33.1336 103.736 20.9783
Cl 1.16683 94.6375 20.1277
Cl 46.9478 56.2465 49.1439
Cl 5.5126 72.798 3.52981
Cl 11.5728 63.3445 51.3567
Cl 16.67 65.6183 14.9934
Cl 42.1864 105.621 2.17903
Cl 2.27051 57.401 38.8185
Cl 14.0889 84.3756 20.0721
Cl 25.0545 101.862 24.4375
Cl 43.389 73.283 47.0625
Cl 9.57746 76.175 15.8117
Cl 6.18453 91.2084 38.054
Cl 45.2106 97.3867 14.281
Cl 32.8645 66.781 10.1606
Cl 32.5621 101.839 44.0386
Cl 17.8817 57.1426 16.9281
Cl 33.6197 85.6683 37.7866
Cl 27.3469 93.663 31.0991
Cl 3.28005 78.215 38.2916
Cl 17.3444 94.0468 20.4827
Cl 51.2374 80.3414 14.9056
Cl 7.95983 64.0956 34.0879
Cl 20.5487 61.0222 2.96613
Cl 50.6188 102.859 28.8226
Cl 2.23372 82.8148 11.3139
Cl 52.0703 89.3443 31.9946
Cl 37.2251 76.5032 6.86423
Cl 14.3706 104.541 13.4989
Cl 92.9701 96.2638 3.25447
Cl 84.9626 87.9584 16.6341
Cl 56.9652 59.2205 23.4926
Cl 96.3083 94.6281 29.5177
Cl 73.0158 91.9245 36.5056
Cl 81.8373 92.0888 25.1416
Cl 100.229 70.771 21.6057
Cl 105.714 92.4089 12.4303
Cl 92.8341 84.8689 0.857385
Cl 87.3569 54.2318 16.2604
Cl 71.0915 84.3172 39.6642
Cl 93.0849 85.2189 21.8021
Cl 101.309 79.7237 37.2913
Cl 94.0356 54.1767 11.1539
Cl 90.6371 106.741 21.0698
Cl 78.8891 72.5699 36.6694
Cl 71.5185 85.4682 17.2071
Cl 85.4194 71.0582 11.5968
Cl 91.7647 58.2748 28.3555
Cl 65.3796 79.1704 28.593
Cl 100.204 87.1864 11.9877
Cl 57.7671 71.9147 22.0034
Cl 84.5963 70.0773 20.6639
Cl 89.4173 104.108 9.97995
Cl 59.8401 60.808 11.1614
Cl 80.2858 89.1363 36.5827
Cl 64.3724 101.074 50.9181
Cl 90.7236 92.6133 46.7494
Cl 101.993 89.233 42.5307
Cl 99.121 57.6403 44.5245
Cl 58.6161 72.2227 3.91699
Cl 71.8824 65.4792 4.38911
Cl 59.9577 70.6458 47.2571
Cl 103.776 105.14 10.1813
Cl 63.2388 91.5999 46.9169
Cl 80.9263 97.4468 31.2909
Cl 65.5271 93.6075 17.9724
Cl 92.693 94.62 53.2174
Cl 95.6842 70.2344 5.70283
Cl 87.0273 91.5797 47.7926
Cl 88.5789 103.429 38.2071
Cl 102.957 78.6882 15.5921
Cl 74.2442 87.1904 3.72909
Cl 60.0697 90.9574 42.3915
Cl 55.7015 101.243 12.8225
Cl 57.5535 101.268 36.0601
Cl 59.5181 78.4676 51.7213
Cl 91.2103 105.007 44.8781
Cl 82.8328 81.45 2.30856
Cl 94.4889 55.5559 3.83655
Cl 63.3232 73.6679 52.3035
Cl 76.7176 80.6502 24.9638
Cl 67.312 60.6626 40.3507
Cl 90.3614 62.0281 47.8298
Cl 88.7904 100.394 50.4711
Cl 71.0892 55.9906 30.7616
Cl 56.8264 72.399 8.66357
Cl 99.5372 90.4776 23.5644
Cl 91.4011 94.0275 12.7705
Cl 62.0387 63.1951 46.3135
Cl 83.769 84.1552 28.3856
Cl 96.3365 58.6963 28.9537
Cl 96.3606 79.7937 51.1295
Cl 100.746 91.6078 37.1427
Cl 101.691 67.8252 30.7774
Cl 56.1174 88.9343 9.58744
Cl 73.5587 95.5804 40.431
Cl 59.8272 103.851 24.6451
Cl 63.5036 96.0641 22.0484
Cl 67.199 64.1556 14.3049
Cl 87.8637 103.408 6.11879
Cl 85.0029 54.475 12.489
Cl 88.0796 83.812 13.7874
Cl 96.0888 105.769 34.2894
Cl 100.51 60.8526 36.9206
Cl 84.3016 99.2038 51.1004
Cl 66.8427 55.7001 35.1644
Cl 99.252 68.1949 14.7309
Cl 76.1038 78.2769 42.4743
Cl 82.908 97.6056 12.8762
Cl 75.8114 66.6401 13.8771
Cl 66.1848 83.1957 19.1592
Cl 61.1384 72.4075 52.8425
Cl 87.7974 64.0047 18.7238
Cl 94.7291 91.4606 33.3728
Cl 53.6943 66.653 21.1071
Cl 90.0317 79.5655 2.95043
Cl 84.8229 63.9536 44.0795
Cl 68.6009 65.7649 9.99229
Cl 59.261 66.7213 52.7533
Cl 103.814 92.1463 34.4446
Cl 62.1517 77.1195 37.1823
Cl 105.906 105.567 23.9609
Cl 96.1793 58.96 10.8323
Cl 69.896 101.473 15.5089
Cl 74.2418 99.2932 23.0265
Cl 71.5002 89.7194 47.2991
Cl 79.6107 77.2047 18.3044
Cl 73.7155 105.582 38.5166
Cl 91.9273 85.7645 11.6824
Cl 70.0649 77.2403 39.4485
Cl 98.7104 87.7105 1.46494
Cl 95.5386 87.5457 46.8057
Cl 82.8522 53.5824 3.86952
Cl 93.5827 103.597 45.461
Cl 100.728 57.7633 50.2342
Cl 101.418 60.8028 22.4592
Cl 53.8865 103.301 49.9938
Cl 92.6188 59.0445 28.4017
Cl 93.8492 96.8204 38.339
Cl 102.646 105.551 49.1019
Cl 86.6044 103.736 20.9783
Cl 54.6377 94.6375 20.1277
Cl 100.419 56.2465 49.1439
Cl 58.9834 72.798 3.52981
Cl 65.0436 63.3445 51.3567
Cl 70.1408 65.6183 14.9934
Cl 95.6572 105.621 2.17903
Cl 55.7413 57.401 38.8185
Cl 67.5597 84.3756 20.0721
Cl 78.5254 101.862 24.4375
Cl 96.8598 73.283 47.0625
Cl 63.0483 76.175 15.8117
Cl 59.6554 91.2084 38.054
Cl 98.6815 97.3867 14.281
Cl 86.3353 66.781 10.1606
Cl 86.033 101.839 44.0386
Cl 71.3525 57.1426 16.9281
Cl 87.0905 85.6683 37.7866
Cl 80.8177 93.663 31.0991
Cl 56.7509 78.215 38.2916
Cl 70.8152 94.0468 20.4827
Cl 104.708 80.3414 14.9056
Cl 61.4307 64.0956 34.0879
Cl 74.0195 61.0222 2.96613
Cl 104.09 102.859 28.8226
Cl 55.7045 82.8148 11.3139
Cl 105.541 89.3443 31.9946
Cl 90.696 76.5032 6.86423
Cl 67.8414 104.541 13.4989
Cl 39.4993 42.793 56.7253
Cl 31.4918 34.4876 70.1049
Cl 3.49435 5.74967 76.9634
Cl 42.8374 41.1572 82.9885
Cl 19.545 38.4537 89.9765
Cl 28.3665 38.618 78.6124
Cl 46.7583 17.3002 75.0765
Cl 52.2436 38.9381 65.9011
Cl 39.3633 31.3981 54.3282
Cl 33.8861 0.760943 69.7312
Cl 17.6207 30.8464 93.1351
Cl 39.614 31.7481 75.273
Cl 47.8385 26.2529 90.7622
Cl 40.5647 0.705848 64.6247
Cl 37.1663 53.2699 74.5406
Cl 25.4183 19.099 90.1402
Cl 18.0477 31.9974 70.6779
Cl 31.9485 17.5874 65.0676
Cl 38.2939 4.80401 81.8264
Cl 11.9088 25.6996 82.0638
Cl 46.7331 33.7156 65.4585
Cl 4.29629 18.4439 75.4742
Cl 31.1255 16.6065 74.1347
Cl 35.9465 50.6375 63.4508
Cl 6.36924 7.33717 64.6322
Cl 26.815 35.6654 90.0535
Cl 10.9016 47.6031 104.389
Cl 37.2528 39.1425 100.22
Cl 48.5217 35.7621 96.0016
Cl 45.6501 4.16945 97.9953
Cl 5.14525 18.7519 57.3878
Cl 18.4116 12.0084 57.8599
Cl 6.48689 17.1749 100.728
Cl 50.3051 51.6695 63.6521
Cl 9.76793 38.1291 100.388
Cl 27.4555 43.976 84.7617
Cl 12.0563 40.1367 71.4432
Cl 39.2222 41.1492 106.688
Cl 42.2134 16.7635 59.1737
Cl 33.5564 38.1089 101.263
Cl 35.1081 49.9578 91.678
Cl 49.4861 25.2173 69.063
Cl 20.7734 33.7196 57.1999
Cl 6.59884 37.4866 95.8623
Cl 2.23066 47.7725 66.2933
Cl 4.08266 47.797 89.5309
Cl 6.04729 24.9967 105.192
Cl 37.7394 51.5362 98.349
Cl 29.362 27.9791 55.7794
Cl 41.018 2.08512 57.3074
Cl 9.85235 20.197 105.774
Cl 23.2468 27.1794 78.4346
Cl 13.8411 7.1918 93.8215
Cl 36.8905 8.55731 101.301
Cl 35.3196 46.9228 103.942
Cl 17.6184 2.51974 84.2325
Cl 3.35559 18.9282 62.1344
Cl 46.0664 37.0068 77.0352
Cl 37.9303 40.5567 66.2413
Cl 8.56786 9.72432 99.7844
Cl 30.2982 30.6844 81.8564
Cl 42.8656 5.22551 82.4245
Cl 42.8898 26.3229 104.6
Cl 47.2756 38.137 90.6135
Cl 48.2203 14.3544 84.2482
Cl 2.64656 35.4634 63.0583
Cl 20.0879 42.1096 93.9018
Cl 6.35639 50.3803 78.1159
Cl 10.0327 42.5933 75.5192
Cl 13.7281 10.6848 67.7757
Cl 34.3929 49.937 59.5896
Cl 31.5321 1.00416 65.9599
Cl 34.6088 30.3412 67.2582
Cl 42.618 52.2985 87.7602
Cl 47.0395 7.3818 90.3914
Cl 30.8308 45.733 104.571
Cl 13.3718 2.22928 88.6352
Cl 45.7812 14.7241 68.2017
Cl 22.633 24.8061 95.9451
Cl 29.4372 44.1348 66.3471
Cl 22.3405 13.1693 67.3479
Cl 12.714 29.7248 72.63
Cl 7.66758 18.9366 106.313
Cl 34.3266 10.5339 72.1947
Cl 41.2583 37.9898 86.8436
Cl 0.22348 13.1822 74.5779
Cl 36.5609 26.0946 56.4213
Cl 31.352 10.4828 97.5504
Cl 15.13 12.2941 63.4631
Cl 5.7902 13.2504 106.224
Cl 50.3431 38.6754 87.9154
Cl 8.68091 23.6486 90.6531
Cl 52.4348 52.0965 77.4317
Cl 42.7085 5.48922 64.3031
Cl 16.4252 48.0018 68.9797
Cl 20.7709 45.8224 76.4973
Cl 18.0294 36.2486 100.77
Cl 26.1399 23.7338 71.7752
Cl 20.2447 52.1109 91.9874
Cl 38.4565 32.2936 65.1532
Cl 16.5941 23.7695 92.9193
Cl 45.2396 34.2397 54.9358
Cl 42.0677 34.0748 100.277
Cl 29.3813 0.111592 57.3403
Cl 40.1118 50.1267 98.9318
Cl 47.2572 4.29243 103.705
Cl 47.9476 7.33194 75.93
Cl 0.415625 49.83 103.465
Cl 39.1479 5.57367 81.8725
Cl 40.3783 43.3496 91.8098
Cl 49.1749 52.0798 102.573
Cl 33.1336 50.265 74.4491
Cl 1.16683 41.1667 73.5986
Cl 46.9478 2.77565 102.615
Cl 5.5126 19.3272 57.0006
Cl 11.5728 9.87365 104.828
Cl 16.67 12.1475 68.4642
Cl 42.1864 52.1504 55.6499
Cl 2.27051 3.93022 92.2894
Cl 14.0889 30.9047 73.5429
Cl 25.0545 48.3916 77.9083
Cl 43.389 19.8121 100.533
Cl 9.57746 22.7042 69.2825
Cl 6.18453 37.7376 91.5249
Cl 45.2106 43.9159 67.7518
Cl 32.8645 13.3102 63.6314
Cl 32.5621 48.3678 97.5094
Cl 17.8817 3.67182 70.3989
Cl 33.6197 32.1975 91.2574
Cl 27.3469 40.1921 84.57
Cl 3.28005 24.7442 91.7624
Cl 17.3444 40.576 73.9536
Cl 51.2374 26.8706 68.3764
Cl 7.95983 10.6247 87.5587
Cl 20.5487 7.55142 56.437
Cl 50.6188 49.3885 82.2934
Cl 2.23372 29.344 64.7847
Cl 52.0703 35.8735 85.4654
Cl 37.2251 23.0324 60.3351
Cl 14.3706 51.0701 66.9697
Cl 92.9701 42.793 56.7253
Cl 84.9626 34.4876 70.1049
Cl 56.9652 5.74967 76.9634
Cl 96.3083 41.1572 82.9885
Cl 73.0158 38.4537 89.9765
Cl 81.8373 38.618 78.6124
Cl 100.229 17.3002 75.0765
Cl 105.714 38.9381 65.9011
Cl 92.8341 31.3981 54.3282
Cl 87.3569 0.760943 69.7312
Cl 71.0915 30.8464 93.1351
Cl 93.0849 31.7481 75.273
Cl 101.309 26.2529 90.7622
Cl 94.0356 0.705848 64.6247
Cl 90.6371 53.2699 74.5406
Cl 78.8891 19.099 90.1402
Cl 71.5185 31.9974 70.6779
Cl 85.4194 17.5874 65.0676
Cl 91.7647 4.80401 81.8264
Cl 65.3796 25.6996 82.0638
Cl 100.204 33.7156 65.4585
Cl 57.7671 18.4439 75.4742
Cl 84.5963 16.6065 74.1347
Cl 89.4173 50.6375 63.4508
Cl 59.8401 7.33717 64.6322
Cl 80.2858 35.6654 90.0535
Cl 64.3724 47.6031 104.389
Cl 90.7236 39.1425 100.22
Cl 101.993 35.7621 96.0016
Cl 99.121 4.16945 97.9953
Cl 58.6161 18.7519 57.3878
Cl 71.8824 12.0084 57.8599
Cl 59.9577 17.1749 100.728
Cl 103.776 51.6695 63.6521
Cl 63.2388 38.1291 100.388
Cl 80.9263 43.976 84.7617
Cl 65.5271 40.1367 71.4432
Cl 92.693 41.1492 106.688
Cl 95.6842 16.7635 59.1737
Cl 87.0273 38.1089 101.263
Cl 88.5789 49.9578 91.678
Cl 102.957 25.2173 69.063
Cl 74.2442 33.7196 57.1999
Cl 60.0697 37.4866 95.8623
Cl 55.7015 47.7725 66.2933
Cl 57.5535 47.797 89.5309
Cl 59.5181 24.9967 105.192
Cl 91.2103 51.5362 98.349
Cl 82.8328 27.9791 55.7794
Cl 94.4889 2.08512 57.3074
Cl 63.3232 20.197 105.774
Cl 76.7176 27.1794 78.4346
Cl 67.312 7.1918 93.8215
Cl 90.3614 8.55731 101.301
Cl 88.7904 46.9228 103.942
Cl 71.0892 2.51974 84.2325
Cl 56.8264 18.9282 62.1344
Cl 99.5372 37.0068 77.0352
Cl 91.4011 40.5567 66.2413
Cl 62.0387 9.72432 99.7844
Cl 83.769 30.6844 81.8564
Cl 96.3365 5.22551 82.4245
Cl 96.3606 26.3229 104.6
Cl 100.746 38.137 90.6135
Cl 101.691 14.3544 84.2482
Cl 56.1174 35.4634 63.0583
Cl 73.5587 42.1096 93.9018
Cl 59.8272 50.3803 78.1159
Cl 63.5036 42.5933 75.5192
Cl 67.199 10.6848 67.7757
Cl 87.8637 49.937 59.5896
Cl 85.0029 1.00416 65.9599
Cl 88.0796 30.3412 67.2582
Cl 96.0888 52.2985 87.7602
Cl 100.51 7.3818 90.3914
Cl 84.3016 45.733 104.571
Cl 66.8427 2.22928 88.6352
Cl 99.252 14.7241 68.2017
Cl 76.1038 24.8061 95.9451
Cl 82.908 44.1348 66.3471
Cl 75.8114 13.1693 67.3479
Cl 66.1848 29.7248 72.63
Cl 61.1384 18.9366 106.313
Cl 87.7974 10.5339 72.1947
Cl 94.7291 37.9898 86.8436
Cl 53.6943 13.1822 74.5779
Cl 90.0317 26.0946 56.4213
Cl 84.8229 10.4828 97.5504
Cl 68.6009 12.2941 63.4631
Cl 59.261 13.2504 106.224
Cl 103.814 38.6754 87.9154
Cl 62.1517 23.6486 90.6531
Cl 105.906 52.0965 77.4317
Cl 96.1793 5.48922 64.3031
Cl 69.896 48.0018 68.9797
Cl 74.2418 45.8224 76.4973
Cl 71.5002 36.2486 100.77
Cl 79.6107 23.7338 71.7752
Cl 73.7155 52.1109 91.9874
Cl 91.9273 32.2936 65.1532
Cl 70.0649 23.7695 92.9193
Cl 98.7104 34.2397 54.9358
Cl 95.5386 34.0748 100.277
Cl 82.8522 0.111592 57.3403
Cl 93.5827 50.1267 98.9318
Cl 100.728 4.29243 103.705
Cl 101.418 7.33194 75.93
Cl 53.8865 49.83 103.465
Cl 92.6188 5.57367 81.8725
Cl 93.8492 43.3496 91.8098
Cl 102.646 52.0798 102.573
Cl 86.6044 50.265 74.4491
Cl 54.6377 41.1667 73.5986
Cl 100.419 2.77565 102.615
Cl 58.9834 19.3272 57.0006
Cl 65.0436 9.87365 104.828
Cl 70.1408 12.1475 68.4642
Cl 95.6572 52.1504 55.6499
Cl 55.7413 3.93022 92.2894
Cl 67.5597 30.9047 73.5429
Cl 78.5254 48.3916 77.9083
Cl 96.8598 19.8121 100.533
Cl 63.0483 22.7042 69.2825
Cl 59.6554 37.7376 91.5249
Cl 98.6815 43.9159 67.7518
Cl 86.3353 13.3102 63.6314
Cl 86.033 48.3678 97.5094
Cl 71.3525 3.67182 70.3989
Cl 87.0905 32.1975 91.2574
Cl 80.8177 40.1921 84.57
Cl 56.7509 24.7442 91.7624
Cl 70.8152 40.576 73.9536
Cl 104.708 26.8706 68.3764
Cl 61.4307 10.6247 87.5587
Cl 74.0195 7.55142 56.437
Cl 104.09 49.3885 82.2934
Cl 55.7045 29.344 64.7847
Cl 105.541 35.8735 85.4654
Cl 90.696 23.0324 60.3351
Cl 67.8414 51.0701 66.9697
Cl 39.4993 96.2638 56.7253
Cl 31.4918 87.9584 70.1049
Cl 3.49435 59.2205 76.9634
Cl 42.8374 94.6281 82.9885
Cl 19.545 91.9245 89.9765
Cl 28.3665 92.0888 78.6124
Cl 46.7583 70.771 75.0765
Cl 52.2436 92.4089 65.9011
Cl 39.3633 84.8689 54.3282
Cl 33.8861 54.2318 69.7312
Cl 17.6207 84.3172 93.1351
Cl 39.614 85.2189 75.273
Cl 47.8385 79.7237 90.7622
Cl 40.5647 54.1767 64.6247
Cl 37.1663 106.741 74.5406
Cl 25.4183 72.5699 90.1402
Cl 18.0477 85.4682 70.6779
Cl 31.9485 71.0582 65.0676
Cl 38.2939 58.2748 81.8264
Cl 11.9088 79.1704 82.0638
Cl 46.7331 87.1864 65.4585
Cl 4.29629 71.9147 75.4742
Cl 31.1255 70.0773 74.1347
Cl 35.9465 104.108 63.4508
Cl 6.36924 60.808 64.6322
Cl 26.815 89.1363 90.0535
Cl 10.9016 101.074 104.389
Cl 37.2528 92.6133 100.22
Cl 48.5217 89.233 96.0016
Cl 45.6501 57.6403 97.9953
Cl 5.14525 72.2227 57.3878
Cl 18.4116 65.4792 57.8599
Cl 6.48689 70.6458 100.728
Cl 50.3051 105.14 63.6521
Cl 9.76793 91.5999 100.388
Cl 27.4555 97.4468 84.7617
Cl 12.0563 93.6075 71.4432
Cl 39.2222 94.62 106.688
Cl 42.2134 70.2344 59.1737
Cl 33.5564 91.5797 101.263
Cl 35.1081 103.429 91.678
Cl 49.4861 78.6882 69.063
Cl 20.7734 87.1904 57.1999
Cl 6.59884 90.9574 95.8623
Cl 2.23066 101.243 66.2933
Cl 4.08266 101.268 89.5309
Cl 6.04729 78.4676 105.192
Cl 37.7394 105.007 98.349
Cl 29.362 81.45 55.7794
Cl 41.018 55.5559 57.3074
Cl 9.85235 73.6679 105.774
Cl 23.2468 80.6502 78.4346
Cl 13.8411 60.6626 93.8215
Cl 36.8905 62.0281 101.301
Cl 35.3196 100.394 103.942
Cl 17.6184 55.9906 84.2325
Cl 3.35559 72.399 62.1344
Cl 46.0664 90.4776 77.0352
Cl 37.9303 94.0275 66.2413
Cl 8.56786 63.1951 99.7844
Cl 30.2982 84.1552 81.8564
Cl 42.8656 58.6963 82.4245
Cl 42.8898 79.7937 104.6
Cl 47.2756 91.6078 90.6135
Cl 48.2203 67.8252 84.2482
Cl 2.64656 88.9343 63.0583
Cl 20.0879 95.5804 93.9018
Cl 6.35639 103.851 78.1159
Cl 10.0327 96.0641 75.5192
Cl 13.7281 64.1556 67.7757
Cl 34.3929 103.408 59.5896
Cl 31.5321 54.475 65.9599
Cl 34.6088 83.812 67.2582
Cl 42.618 105.769 87.7602
Cl 47.0395 60.8526 90.3914
Cl 30.8308 99.2038 104.571
Cl 13.3718 55.7001 88.6352
Cl 45.7812 68.1949 68.2017
Cl 22.633 78.2769 95.9451
Cl 29.4372 97.6056 66.3471
Cl 22.3405 66.6401 67.3479
Cl 12.714 83.1957 72.63
Cl 7.66758 72.4075 106.313
Cl 34.3266 64.0047 72.1947
Cl 41.2583 91.4606 86.8436
Cl 0.22348 66.653 74.5779
Cl 36.5609 79.5655 56.4213
Cl 31.352 63.9536 97.5504
Cl 15.13 65.7649 63.4631
Cl 5.7902 66.7213 106.224
Cl 50.3431 92.1463 87.9154
Cl 8.68091 77.1195 90.6531
Cl 52.4348 105.567 77.4317
Cl 42.7085 58.96 64.3031
Cl 16.4252 101.473 68.9797
Cl 20.7709 99.2932 76.4973
Cl 18.0294 89.7194 100.77
Cl 26.1399 77.2047 71.7752
Cl 20.2447 105.582 91.9874
Cl 38.4565 85.7645 65.1532
Cl 16.5941 77.2403 92.9193
Cl 45.2396 87.7105 54.9358
Cl 42.0677 87.5457 100.277
Cl 29.3813 53.5824 57.3403
Cl 40.1118 103.597 98.9318
Cl 47.2572 57.7633 103.705
Cl 47.9476 60.8028 75.93
Cl 0.415625 103.301 103.465
Cl 39.1479 59.0445 81.8725
Cl 40.3783 96.8204 91.8098
Cl 49.1749 105.551 102.573
Cl 33.1336 103.736 74.4491
Cl 1.16683 94.6375 73.5986
Cl 46.9478 56.2465 102.615
Cl 5.5126 72.798 57.0006
Cl 11.5728 63.3445 104.828
Cl 16.67 65.6183 68.4642
Cl 42.1864 105.621 55.6499
Cl 2.27051 57.401 92.2894
Cl 14.0889 84.3756 73.5429
Cl 25.0545 101.862 77.9083
Cl 43.389 73.283 100.533
Cl 9.57746 76.175 69.2825
Cl 6.18453 91.2084 91.5249
Cl 45.2106 97.3867 67.7518
Cl 32.8645 66.781 63.6314
Cl 32.5621 101.839 97.5094
Cl 17.8817 57.1426 70.3989
Cl 33.6197 85.6683 91.2574
Cl 27.3469 93.663 84.57
Cl 3.28005 78.215 91.7624
Cl 17.3444 94.0468 73.9536
Cl 51.2374 80.3414 68.3764
Cl 7.95983 64.0956 87.5587
Cl 20.5487 61.0222 56.437
Cl 50.6188 102.859 82.2934
Cl 2.23372 82.8148 64.7847
Cl 52.0703 89.3443 85.4654
Cl 37.2251 76.5032 60.3351
Cl 14.3706 104.541 66.9697
Cl 92.9701 96.2638 56.7253
Cl 84.9626 87.9584 70.1049
Cl 56.9652 59.2205 76.9634
Cl 96.3083 94.6281 82.9885
Cl 73.0158 91.9245 89.9765
Cl 81.8373 92.0888 78.6124
Cl 100.229 70.771 75.0765
Cl 105.714 92.4089 65.9011
Cl 92.8341 84.8689 54.3282
Cl 87.3569 54.2318 69.7312
Cl 71.0915 84.3172 93.1351
Cl 93.0849 85.2189 75.273
Cl 101.309 79.7237 90.7622
Cl 94.0356 54.1767 64.6247
Cl 90.6371 106.741 74.5406
Cl 78.8891 72.5699 90.1402
Cl 71.5185 85.4682 70.6779
Cl 85.4194 71.0582 65.0676
Cl 91.7647 58.2748 81.8264
Cl 65.3796 79.1704 82.0638
Cl 100.204 87.1864 65.4585
Cl 57.7671 71.9147 75.4742
Cl 84.5963 70.0773 74.1347
Cl 89.4173 104.108 63.4508
Cl 59.8401 60.808 64.6322
Cl 80.2858 89.1363 90.0535
Cl 64.3724 101.074 104.389
Cl 90.7236 92.6133 100.22
Cl 101.993 89.233 96.0016
Cl 99.121 57.6403 97.9953
Cl 58.6161 72.2227 57.3878
Cl 71.8824 65.4792 57.8599
Cl 59.9577 70.6458 100.728
Cl 103.776 105.14 63.6521
Cl 63.2388 91.5999 100.388
Cl 80.9263 97.4468 84.7617
Cl 65.5271 93.6075 71.4432
Cl 92.693 94.62 106.688
Cl 95.6842 70.2344 59.1737
Cl 87.0273 91.5797 101.263
Cl 88.5789 103.429 91.678
Cl 102.957 78.6882 69.063
Cl 74.2442 87.1904 57.1999
Cl 60.0697 90.9574 95.8623
Cl 55.7015 101.243 66.2933
Cl 57.5535 101.268 89.5309
Cl 59.5181 78.4676 105.192
Cl 91.2103 105.007 98.349
Cl 82.8328 81.45 55.7794
Cl 94.4889 55.5559 57.3074
Cl 63.3232 73.6679 105.774
Cl 76.7176 80.6502 78.4346
Cl 67.312 60.6626 93.8215
Cl 90.3614 62.0281 101.301
Cl 88.7904 100.394 103.942
Cl 71.0892 55.9906 84.2325
Cl 56.8264 72.399 62.1344
Cl 99.5372 90.4776 77.0352
Cl 91.4011 94.0275 66.2413
Cl 62.0387 63.1951 99.7844
Cl 83.769 84.1552 81.8564
Cl 96.3365 58.6963 82.4245
Cl 96.3606 79.7937 104.6
Cl 100.746 91.6078 90.6135
Cl 101.691 67.8252 84.2482
Cl 56.1174 88.9343 63.0583
Cl 73.5587 95.5804 93.9018
Cl 59.8272 103.851 78.1159
Cl 63.5036 96.0641 75.5192
Cl 67.199 64.1556 67.7757
Cl 87.8637 103.408 59.5896
Cl 85.0029 54.475 65.9599
Cl 88.0796 83.812 67.2582
Cl 96.0888 105.769 87.7602
Cl 100.51 60.8526 90.3914
Cl 84.3016 99.2038 104.571
Cl 66.8427 55.7001 88.6352
Cl 99.252 68.1949 68.2017
Cl 76.1038 78.2769 95.9451
Cl 82.908 97.6056 66.3471
Cl 75.8114 66.6401 67.3479
Cl 66.1848 83.1957 72.63
Cl 61.1384 72.4075 106.313
Cl 87.7974 64.0047 72.1947
Cl 94.7291 91.4606 86.8436
Cl 53.6943 66.653 74.5779
Cl 90.0317 79.5655 56.4213
Cl 84.8229 63.9536 97.5504
Cl 68.6009 65.7649 63.4631
Cl 59.261 66.7213 106.224
Cl 103.814 92.1463 87.9154
Cl 62.1517 77.1195 90.6531
Cl 105.906 105.567 77.4317
Cl 96.1793 58.96 64.3031
Cl 69.896 101.473 68.9797
Cl 74.2418 99.2932 76.4973
Cl 71.5002 89.7194 100.77
Cl 79.6107 77.2047 71.7752
Cl 73.7155 105.582 91.9874
Cl 91.9273 85.7645 65.1532
Cl 70.0649 77.2403 92.9193
Cl 98.7104 87.7105 54.9358
Cl 95.5386 87.5457 100.277
Cl 82.8522 53.5824 57.3403
Cl 93.5827 103.597 98.9318
Cl 100.728 57.7633 103.705
Cl 101.418 60.8028 75.93
Cl 53.8865 103.301 103.465
Cl 92.6188 59.0445 81.8725
Cl 93.8492 96.8204 91.8098
Cl 102.646 105.551 102.573
Cl 86.6044 103.736 74.4491
Cl 54.6377 94.6375 73.5986
Cl 100.419 56.2465 102.615
Cl 58.9834 72.798 57.0006
Cl 65.0436 63.3445 104.828
Cl 70.1408 65.6183 68.4642
Cl 95.6572 105.621 55.6499
Cl 55.7413 57.401 92.2894
Cl 67.5597 84.3756 73.5429
Cl 78.5254 101.862 77.9083
Cl 96.8598 73.283 100.533
Cl 63.0483 76.175 69.2825
Cl 59.6554 91.2084 91.5249
Cl 98.6815 97.3867 67.7518
Cl 86.3353 66.781 63.6314
Cl 86.033 101.839 97.5094
Cl 71.3525 57.1426 70.3989
Cl 87.0905 85.6683 91.2574
Cl 80.8177 93.663 84.57
Cl 56.7509 78.215 91.7624
Cl 70.8152 94.0468 73.9536
Cl 104.708 80.3414 68.3764
Cl 61.4307 64.0956 87.5587
Cl 74.0195 61.0222 56.437
Cl 104.09 102.859 82.2934
Cl 55.7045 82.8148 64.7847
Cl 105.541 89.3443 85.4654
Cl 90.696 76.5032 60.3351
Cl 67.8414 104.541 66.9697
